<?xml version="1.0" encoding="UTF-8"?>
<!-- Generated by org.testng.reporters.JUnitXMLReporter -->
<testsuite ignored="0" hostname="DESKTOP-NACAAD5" failures="3" tests="4" name="EdgeTest" time="14.795" errors="0" timestamp="2024-07-16T11:24:47 IST">
  <testcase classname="testScript.LoginTest" name="verifyTheUserIsAbleToLoginUsingInValidUsernameandInvalidPassword" time="0.003">
    <failure type="java.lang.Error" message="Unresolved compilation problem: 
	The method isRedAlertDisplayed() is undefined for the type LoginPage
">
      <![CDATA[java.lang.Error: Unresolved compilation problem: 
The method isRedAlertDisplayed() is undefined for the type LoginPage

at testScript.LoginTest.verifyTheUserIsAbleToLoginUsingInValidUsernameandInvalidPassword(LoginTest.java:76)
at java.base/java.util.ArrayList.forEach(ArrayList.java:1596)
... Removed 25 stack frames]]>
    </failure>
  </testcase> <!-- verifyTheUserIsAbleToLoginUsingInValidUsernameandInvalidPassword -->
  <testcase classname="testScript.LoginTest" name="verifyTheUserIsAbleToLoginUsingInValidUsernameandValidPassword" time="0.003">
    <failure type="java.lang.Error" message="Unresolved compilation problem: 
	The method isRedAlertDisplayed() is undefined for the type LoginPage
">
      <![CDATA[java.lang.Error: Unresolved compilation problem: 
The method isRedAlertDisplayed() is undefined for the type LoginPage

at testScript.LoginTest.verifyTheUserIsAbleToLoginUsingInValidUsernameandValidPassword(LoginTest.java:39)
at java.base/java.util.ArrayList.forEach(ArrayList.java:1596)
... Removed 25 stack frames]]>
    </failure>
  </testcase> <!-- verifyTheUserIsAbleToLoginUsingInValidUsernameandValidPassword -->
  <testcase classname="testScript.LoginTest" name="verifyTheUserIsAbleToLoginUsingValidCredentials" time="1.257"/>
  <testcase classname="testScript.LoginTest" name="verifyTheUserIsAbleToLoginUsingValidUsernameInValidPassword" time="0.005">
    <failure type="java.lang.Error" message="Unresolved compilation problem: 
	The method isRedAlertDisplayed() is undefined for the type LoginPage
">
      <![CDATA[java.lang.Error: Unresolved compilation problem: 
The method isRedAlertDisplayed() is undefined for the type LoginPage

at testScript.LoginTest.verifyTheUserIsAbleToLoginUsingValidUsernameInValidPassword(LoginTest.java:59)
at java.base/java.util.ArrayList.forEach(ArrayList.java:1596)
... Removed 25 stack frames]]>
    </failure>
  </testcase> <!-- verifyTheUserIsAbleToLoginUsingValidUsernameInValidPassword -->
</testsuite> <!-- EdgeTest -->
